mode: atomic
github.com/pageza/alchemorsel-v2/backend/cmd/migrate/main.go:17.13,23.15 4 0
github.com/pageza/alchemorsel-v2/backend/cmd/migrate/main.go:23.15,25.3 1 0
github.com/pageza/alchemorsel-v2/backend/cmd/migrate/main.go:27.2,28.16 2 0
github.com/pageza/alchemorsel-v2/backend/cmd/migrate/main.go:28.16,30.3 1 0
github.com/pageza/alchemorsel-v2/backend/cmd/migrate/main.go:31.2,35.16 4 0
github.com/pageza/alchemorsel-v2/backend/cmd/migrate/main.go:35.16,37.3 1 0
github.com/pageza/alchemorsel-v2/backend/cmd/migrate/main.go:39.2,40.29 2 0
github.com/pageza/alchemorsel-v2/backend/cmd/migrate/main.go:40.29,41.42 1 0
github.com/pageza/alchemorsel-v2/backend/cmd/migrate/main.go:41.42,43.4 1 0
github.com/pageza/alchemorsel-v2/backend/cmd/migrate/main.go:46.2,48.15 2 0
github.com/pageza/alchemorsel-v2/backend/cmd/migrate/main.go:48.15,60.17 3 0
github.com/pageza/alchemorsel-v2/backend/cmd/migrate/main.go:60.17,61.28 1 0
github.com/pageza/alchemorsel-v2/backend/cmd/migrate/main.go:61.28,63.5 1 0
github.com/pageza/alchemorsel-v2/backend/cmd/migrate/main.go:64.4,64.55 1 0
github.com/pageza/alchemorsel-v2/backend/cmd/migrate/main.go:68.3,72.58 3 0
github.com/pageza/alchemorsel-v2/backend/cmd/migrate/main.go:72.58,74.4 1 0
github.com/pageza/alchemorsel-v2/backend/cmd/migrate/main.go:77.3,78.17 2 0
github.com/pageza/alchemorsel-v2/backend/cmd/migrate/main.go:78.17,80.4 1 0
github.com/pageza/alchemorsel-v2/backend/cmd/migrate/main.go:83.3,84.17 2 0
github.com/pageza/alchemorsel-v2/backend/cmd/migrate/main.go:84.17,86.4 1 0
github.com/pageza/alchemorsel-v2/backend/cmd/migrate/main.go:89.3,89.53 1 0
github.com/pageza/alchemorsel-v2/backend/cmd/migrate/main.go:89.53,92.4 2 0
github.com/pageza/alchemorsel-v2/backend/cmd/migrate/main.go:95.3,95.90 1 0
github.com/pageza/alchemorsel-v2/backend/cmd/migrate/main.go:95.90,98.4 2 0
github.com/pageza/alchemorsel-v2/backend/cmd/migrate/main.go:101.3,101.37 1 0
github.com/pageza/alchemorsel-v2/backend/cmd/migrate/main.go:101.37,103.4 1 0
github.com/pageza/alchemorsel-v2/backend/cmd/migrate/main.go:105.3,106.9 2 0
github.com/pageza/alchemorsel-v2/backend/cmd/migrate/main.go:110.2,110.38 1 0
github.com/pageza/alchemorsel-v2/backend/cmd/migrate/main.go:110.38,117.17 4 0
github.com/pageza/alchemorsel-v2/backend/cmd/migrate/main.go:117.17,119.4 1 0
github.com/pageza/alchemorsel-v2/backend/cmd/migrate/main.go:121.3,121.14 1 0
github.com/pageza/alchemorsel-v2/backend/cmd/migrate/main.go:121.14,123.12 2 0
github.com/pageza/alchemorsel-v2/backend/cmd/migrate/main.go:126.3,131.17 4 0
github.com/pageza/alchemorsel-v2/backend/cmd/migrate/main.go:131.17,133.4 1 0
github.com/pageza/alchemorsel-v2/backend/cmd/migrate/main.go:136.3,137.17 2 0
github.com/pageza/alchemorsel-v2/backend/cmd/migrate/main.go:137.17,140.4 2 0
github.com/pageza/alchemorsel-v2/backend/cmd/migrate/main.go:142.3,142.53 1 0
github.com/pageza/alchemorsel-v2/backend/cmd/migrate/main.go:142.53,145.4 2 0
github.com/pageza/alchemorsel-v2/backend/cmd/migrate/main.go:148.3,148.86 1 0
github.com/pageza/alchemorsel-v2/backend/cmd/migrate/main.go:148.86,151.4 2 0
github.com/pageza/alchemorsel-v2/backend/cmd/migrate/main.go:154.3,154.37 1 0
github.com/pageza/alchemorsel-v2/backend/cmd/migrate/main.go:154.37,156.4 1 0
github.com/pageza/alchemorsel-v2/backend/cmd/migrate/main.go:158.3,158.59 1 0
github.com/pageza/alchemorsel-v2/backend/cmd/migrate/main.go:161.2,161.53 1 0
github.com/pageza/alchemorsel-v2/backend/cmd/seed_recipes/main.go:88.13,91.17 2 0
github.com/pageza/alchemorsel-v2/backend/cmd/seed_recipes/main.go:91.17,93.3 1 0
github.com/pageza/alchemorsel-v2/backend/cmd/seed_recipes/main.go:95.2,96.16 2 0
github.com/pageza/alchemorsel-v2/backend/cmd/seed_recipes/main.go:96.16,98.3 1 0
github.com/pageza/alchemorsel-v2/backend/cmd/seed_recipes/main.go:101.2,102.16 2 0
github.com/pageza/alchemorsel-v2/backend/cmd/seed_recipes/main.go:102.16,104.3 1 0
github.com/pageza/alchemorsel-v2/backend/cmd/seed_recipes/main.go:106.2,107.16 2 0
github.com/pageza/alchemorsel-v2/backend/cmd/seed_recipes/main.go:107.16,109.3 1 0
github.com/pageza/alchemorsel-v2/backend/cmd/seed_recipes/main.go:112.2,121.47 3 0
github.com/pageza/alchemorsel-v2/backend/cmd/seed_recipes/main.go:121.47,123.3 1 0
github.com/pageza/alchemorsel-v2/backend/cmd/seed_recipes/main.go:126.2,136.50 2 0
github.com/pageza/alchemorsel-v2/backend/cmd/seed_recipes/main.go:136.50,138.3 1 0
github.com/pageza/alchemorsel-v2/backend/cmd/seed_recipes/main.go:141.2,141.45 1 0
github.com/pageza/alchemorsel-v2/backend/cmd/seed_recipes/main.go:141.45,143.28 2 0
github.com/pageza/alchemorsel-v2/backend/cmd/seed_recipes/main.go:143.28,145.4 1 0
github.com/pageza/alchemorsel-v2/backend/cmd/seed_recipes/main.go:147.3,151.33 3 0
github.com/pageza/alchemorsel-v2/backend/cmd/seed_recipes/main.go:151.33,156.4 3 0
github.com/pageza/alchemorsel-v2/backend/cmd/seed_recipes/main.go:159.3,160.17 2 0
github.com/pageza/alchemorsel-v2/backend/cmd/seed_recipes/main.go:160.17,162.12 2 0
github.com/pageza/alchemorsel-v2/backend/cmd/seed_recipes/main.go:166.3,166.42 1 0
github.com/pageza/alchemorsel-v2/backend/cmd/seed_recipes/main.go:166.42,168.74 2 0
github.com/pageza/alchemorsel-v2/backend/cmd/seed_recipes/main.go:168.74,170.13 2 0
github.com/pageza/alchemorsel-v2/backend/cmd/seed_recipes/main.go:174.4,175.18 2 0
github.com/pageza/alchemorsel-v2/backend/cmd/seed_recipes/main.go:175.18,177.13 2 0
github.com/pageza/alchemorsel-v2/backend/cmd/seed_recipes/main.go:181.4,188.18 2 0
github.com/pageza/alchemorsel-v2/backend/cmd/seed_recipes/main.go:188.18,190.13 2 0
github.com/pageza/alchemorsel-v2/backend/cmd/seed_recipes/main.go:194.4,212.51 2 0
github.com/pageza/alchemorsel-v2/backend/cmd/seed_recipes/main.go:212.51,214.13 2 0
github.com/pageza/alchemorsel-v2/backend/cmd/seed_recipes/main.go:217.4,217.62 1 0
github.com/pageza/alchemorsel-v2/backend/cmd/seed_recipes/main.go:221.3,221.30 1 0
github.com/pageza/alchemorsel-v2/backend/cmd/seed_recipes/main.go:224.2,224.58 1 0
github.com/pageza/alchemorsel-v2/backend/cmd/api/main.go:18.13,21.16 2 0
github.com/pageza/alchemorsel-v2/backend/cmd/api/main.go:21.16,23.3 1 0
github.com/pageza/alchemorsel-v2/backend/cmd/api/main.go:26.2,27.16 2 0
github.com/pageza/alchemorsel-v2/backend/cmd/api/main.go:27.16,29.3 1 0
github.com/pageza/alchemorsel-v2/backend/cmd/api/main.go:32.2,33.66 2 0
github.com/pageza/alchemorsel-v2/backend/cmd/api/main.go:33.66,35.3 1 0
github.com/pageza/alchemorsel-v2/backend/cmd/api/main.go:38.2,45.12 4 0
github.com/pageza/alchemorsel-v2/backend/cmd/api/main.go:45.12,46.51 1 0
github.com/pageza/alchemorsel-v2/backend/cmd/api/main.go:46.51,48.4 1 0
github.com/pageza/alchemorsel-v2/backend/cmd/api/main.go:52.2,61.38 6 0
github.com/pageza/alchemorsel-v2/backend/cmd/api/main.go:61.38,63.3 1 0
github.com/pageza/alchemorsel-v2/backend/cmd/api/main.go:65.2,65.31 1 0
github.com/pageza/alchemorsel-v2/backend/internal/models/dietary.go:21.45,23.2 1 0
github.com/pageza/alchemorsel-v2/backend/internal/models/dietary.go:36.36,38.2 1 0
github.com/pageza/alchemorsel-v2/backend/internal/models/profile_history.go:21.42,23.2 1 0
github.com/pageza/alchemorsel-v2/backend/internal/models/recipe.go:17.57,18.17 1 0
github.com/pageza/alchemorsel-v2/backend/internal/models/recipe.go:18.17,20.3 1 0
github.com/pageza/alchemorsel-v2/backend/internal/models/recipe.go:21.2,21.24 1 0
github.com/pageza/alchemorsel-v2/backend/internal/models/recipe.go:25.58,26.18 1 0
github.com/pageza/alchemorsel-v2/backend/internal/models/recipe.go:26.18,29.3 2 0
github.com/pageza/alchemorsel-v2/backend/internal/models/recipe.go:31.2,32.27 2 0
github.com/pageza/alchemorsel-v2/backend/internal/models/recipe.go:33.14,34.12 1 0
github.com/pageza/alchemorsel-v2/backend/internal/models/recipe.go:35.14,36.20 1 0
github.com/pageza/alchemorsel-v2/backend/internal/models/recipe.go:37.10,38.13 1 0
github.com/pageza/alchemorsel-v2/backend/internal/models/recipe.go:41.2,41.33 1 0
github.com/pageza/alchemorsel-v2/backend/internal/models/recipe.go:68.50,73.2 3 0
github.com/pageza/alchemorsel-v2/backend/internal/mocks/auth.go:16.83,18.24 2 0
github.com/pageza/alchemorsel-v2/backend/internal/mocks/auth.go:18.24,20.3 1 0
github.com/pageza/alchemorsel-v2/backend/internal/mocks/auth.go:21.2,21.56 1 0
github.com/pageza/alchemorsel-v2/backend/internal/mocks/auth.go:24.139,26.24 2 0
github.com/pageza/alchemorsel-v2/backend/internal/mocks/auth.go:26.24,28.3 1 0
github.com/pageza/alchemorsel-v2/backend/internal/mocks/auth.go:29.2,29.50 1 0
github.com/pageza/alchemorsel-v2/backend/internal/mocks/auth.go:32.100,34.24 2 0
github.com/pageza/alchemorsel-v2/backend/internal/mocks/auth.go:34.24,36.3 1 0
github.com/pageza/alchemorsel-v2/backend/internal/mocks/auth.go:37.2,37.50 1 0
github.com/pageza/alchemorsel-v2/backend/internal/mocks/auth.go:40.84,43.2 2 0
github.com/pageza/alchemorsel-v2/backend/internal/mocks/mocks.go:11.88,13.2 1 0
github.com/pageza/alchemorsel-v2/backend/internal/mocks/mocks.go:15.107,17.2 1 0
github.com/pageza/alchemorsel-v2/backend/internal/mocks/profile.go:17.109,19.24 2 0
github.com/pageza/alchemorsel-v2/backend/internal/mocks/profile.go:19.24,21.3 1 0
github.com/pageza/alchemorsel-v2/backend/internal/mocks/profile.go:22.2,22.57 1 0
github.com/pageza/alchemorsel-v2/backend/internal/mocks/profile.go:25.145,27.24 2 0
github.com/pageza/alchemorsel-v2/backend/internal/mocks/profile.go:27.24,29.3 1 0
github.com/pageza/alchemorsel-v2/backend/internal/mocks/profile.go:30.2,30.57 1 0
github.com/pageza/alchemorsel-v2/backend/internal/mocks/profile.go:33.101,36.2 2 0
github.com/pageza/alchemorsel-v2/backend/internal/mocks/profile.go:38.82,41.2 2 0
github.com/pageza/alchemorsel-v2/backend/internal/mocks/profile.go:43.120,45.24 2 0
github.com/pageza/alchemorsel-v2/backend/internal/mocks/profile.go:45.24,47.3 1 0
github.com/pageza/alchemorsel-v2/backend/internal/mocks/profile.go:48.2,48.61 1 0
github.com/pageza/alchemorsel-v2/backend/internal/mocks/profile.go:51.86,54.2 2 0
github.com/pageza/alchemorsel-v2/backend/internal/mocks/profile.go:56.110,58.24 2 0
github.com/pageza/alchemorsel-v2/backend/internal/mocks/profile.go:58.24,60.3 1 0
github.com/pageza/alchemorsel-v2/backend/internal/mocks/profile.go:61.2,61.54 1 0
github.com/pageza/alchemorsel-v2/backend/internal/mocks/profile.go:64.91,66.24 2 0
github.com/pageza/alchemorsel-v2/backend/internal/mocks/profile.go:66.24,68.3 1 0
github.com/pageza/alchemorsel-v2/backend/internal/mocks/profile.go:69.2,69.57 1 0
github.com/pageza/alchemorsel-v2/backend/internal/mocks/recipe.go:17.110,19.24 2 0
github.com/pageza/alchemorsel-v2/backend/internal/mocks/recipe.go:19.24,21.3 1 0
github.com/pageza/alchemorsel-v2/backend/internal/mocks/recipe.go:22.2,22.52 1 0
github.com/pageza/alchemorsel-v2/backend/internal/mocks/recipe.go:26.98,28.24 2 0
github.com/pageza/alchemorsel-v2/backend/internal/mocks/recipe.go:28.24,30.3 1 0
github.com/pageza/alchemorsel-v2/backend/internal/mocks/recipe.go:31.2,31.52 1 0
github.com/pageza/alchemorsel-v2/backend/internal/mocks/recipe.go:35.124,37.24 2 0
github.com/pageza/alchemorsel-v2/backend/internal/mocks/recipe.go:37.24,39.3 1 0
github.com/pageza/alchemorsel-v2/backend/internal/mocks/recipe.go:40.2,40.52 1 0
github.com/pageza/alchemorsel-v2/backend/internal/mocks/recipe.go:44.83,47.2 2 0
github.com/pageza/alchemorsel-v2/backend/internal/mocks/recipe.go:50.106,52.24 2 0
github.com/pageza/alchemorsel-v2/backend/internal/mocks/recipe.go:52.24,54.3 1 0
github.com/pageza/alchemorsel-v2/backend/internal/mocks/recipe.go:55.2,55.54 1 0
github.com/pageza/alchemorsel-v2/backend/internal/mocks/recipe.go:59.104,61.24 2 0
github.com/pageza/alchemorsel-v2/backend/internal/mocks/recipe.go:61.24,63.3 1 0
github.com/pageza/alchemorsel-v2/backend/internal/mocks/recipe.go:64.2,64.54 1 0
github.com/pageza/alchemorsel-v2/backend/internal/cmd/api/main.go:12.13,15.16 2 0
github.com/pageza/alchemorsel-v2/backend/internal/cmd/api/main.go:15.16,17.3 1 0
github.com/pageza/alchemorsel-v2/backend/internal/cmd/api/main.go:20.2,21.16 2 0
github.com/pageza/alchemorsel-v2/backend/internal/cmd/api/main.go:21.16,23.3 1 0
github.com/pageza/alchemorsel-v2/backend/internal/cmd/api/main.go:26.2,31.50 4 0
github.com/pageza/alchemorsel-v2/backend/internal/cmd/api/main.go:31.50,33.3 1 0
github.com/pageza/alchemorsel-v2/backend/config/config.go:38.36,43.13 3 2
github.com/pageza/alchemorsel-v2/backend/config/config.go:44.10,45.43 1 2
github.com/pageza/alchemorsel-v2/backend/config/config.go:45.43,47.4 1 0
github.com/pageza/alchemorsel-v2/backend/config/config.go:48.25,49.44 1 0
github.com/pageza/alchemorsel-v2/backend/config/config.go:49.44,51.4 1 0
github.com/pageza/alchemorsel-v2/backend/config/config.go:52.18,53.45 1 0
github.com/pageza/alchemorsel-v2/backend/config/config.go:53.45,55.4 1 0
github.com/pageza/alchemorsel-v2/backend/config/config.go:56.10,57.57 1 0
github.com/pageza/alchemorsel-v2/backend/config/config.go:61.2,61.44 1 2
github.com/pageza/alchemorsel-v2/backend/config/config.go:61.44,63.3 1 0
github.com/pageza/alchemorsel-v2/backend/config/config.go:65.2,65.17 1 2
github.com/pageza/alchemorsel-v2/backend/config/config.go:69.38,83.26 11 2
github.com/pageza/alchemorsel-v2/backend/config/config.go:83.26,85.3 1 0
github.com/pageza/alchemorsel-v2/backend/config/config.go:86.2,91.12 5 2
github.com/pageza/alchemorsel-v2/backend/config/config.go:95.39,97.22 2 0
github.com/pageza/alchemorsel-v2/backend/config/config.go:97.22,99.3 1 0
github.com/pageza/alchemorsel-v2/backend/config/config.go:102.2,119.35 3 0
github.com/pageza/alchemorsel-v2/backend/config/config.go:119.35,121.17 2 0
github.com/pageza/alchemorsel-v2/backend/config/config.go:121.17,123.4 1 0
github.com/pageza/alchemorsel-v2/backend/config/config.go:124.3,124.53 1 0
github.com/pageza/alchemorsel-v2/backend/config/config.go:127.2,142.12 15 0
github.com/pageza/alchemorsel-v2/backend/config/config.go:146.40,163.2 15 0
github.com/pageza/alchemorsel-v2/backend/config/config.go:166.37,168.22 2 0
github.com/pageza/alchemorsel-v2/backend/config/config.go:168.22,170.3 1 0
github.com/pageza/alchemorsel-v2/backend/config/config.go:171.2,172.54 2 0
github.com/pageza/alchemorsel-v2/backend/config/config.go:172.54,174.3 1 0
github.com/pageza/alchemorsel-v2/backend/config/config.go:175.2,175.11 1 0
github.com/pageza/alchemorsel-v2/backend/config/env.go:18.35,20.31 1 4
github.com/pageza/alchemorsel-v2/backend/config/env.go:20.31,22.3 1 4
github.com/pageza/alchemorsel-v2/backend/config/env.go:25.2,25.38 1 0
github.com/pageza/alchemorsel-v2/backend/config/env.go:26.20,27.20 1 0
github.com/pageza/alchemorsel-v2/backend/config/env.go:28.14,29.14 1 0
github.com/pageza/alchemorsel-v2/backend/config/env.go:30.21,31.21 1 0
github.com/pageza/alchemorsel-v2/backend/config/env.go:32.10,33.21 1 0
github.com/pageza/alchemorsel-v2/backend/config/env.go:38.27,40.2 1 0
github.com/pageza/alchemorsel-v2/backend/config/env.go:43.20,45.2 1 0
github.com/pageza/alchemorsel-v2/backend/config/env.go:48.18,50.2 1 0
github.com/pageza/alchemorsel-v2/backend/config/env.go:53.26,55.2 1 0
github.com/pageza/alchemorsel-v2/backend/config/storage.go:20.58,22.18 2 0
github.com/pageza/alchemorsel-v2/backend/config/storage.go:22.18,24.3 1 0
github.com/pageza/alchemorsel-v2/backend/config/storage.go:27.2,30.16 2 0
github.com/pageza/alchemorsel-v2/backend/config/storage.go:30.16,32.3 1 0
github.com/pageza/alchemorsel-v2/backend/config/storage.go:34.2,39.8 2 0
github.com/pageza/alchemorsel-v2/backend/config/storage.go:43.65,61.2 3 0
github.com/pageza/alchemorsel-v2/backend/config/storage.go:64.122,70.16 3 0
github.com/pageza/alchemorsel-v2/backend/config/storage.go:70.16,72.3 1 0
github.com/pageza/alchemorsel-v2/backend/config/storage.go:73.2,73.30 1 0
github.com/pageza/alchemorsel-v2/backend/config/validation.go:15.41,17.2 1 0
github.com/pageza/alchemorsel-v2/backend/config/validation.go:63.40,70.46 4 2
github.com/pageza/alchemorsel-v2/backend/config/validation.go:70.46,71.46 1 0
github.com/pageza/alchemorsel-v2/backend/config/validation.go:71.46,73.4 1 0
github.com/pageza/alchemorsel-v2/backend/config/validation.go:77.2,77.15 1 2
github.com/pageza/alchemorsel-v2/backend/config/validation.go:77.15,78.47 1 0
github.com/pageza/alchemorsel-v2/backend/config/validation.go:78.47,79.48 1 0
github.com/pageza/alchemorsel-v2/backend/config/validation.go:79.48,81.5 1 0
github.com/pageza/alchemorsel-v2/backend/config/validation.go:86.2,86.15 1 2
github.com/pageza/alchemorsel-v2/backend/config/validation.go:86.15,88.27 1 2
github.com/pageza/alchemorsel-v2/backend/config/validation.go:88.27,90.4 1 0
github.com/pageza/alchemorsel-v2/backend/config/validation.go:91.3,91.26 1 2
github.com/pageza/alchemorsel-v2/backend/config/validation.go:91.26,93.4 1 0
github.com/pageza/alchemorsel-v2/backend/config/validation.go:94.3,94.30 1 2
github.com/pageza/alchemorsel-v2/backend/config/validation.go:94.30,96.4 1 0
github.com/pageza/alchemorsel-v2/backend/config/validation.go:97.8,99.27 1 0
github.com/pageza/alchemorsel-v2/backend/config/validation.go:99.27,101.4 1 0
github.com/pageza/alchemorsel-v2/backend/config/validation.go:102.3,102.26 1 0
github.com/pageza/alchemorsel-v2/backend/config/validation.go:102.26,104.4 1 0
github.com/pageza/alchemorsel-v2/backend/config/validation.go:105.3,105.30 1 0
github.com/pageza/alchemorsel-v2/backend/config/validation.go:105.30,107.4 1 0
github.com/pageza/alchemorsel-v2/backend/config/validation.go:110.2,110.21 1 2
github.com/pageza/alchemorsel-v2/backend/config/validation.go:110.21,112.3 1 0
github.com/pageza/alchemorsel-v2/backend/config/validation.go:114.2,114.12 1 2
github.com/pageza/alchemorsel-v2/backend/internal/model/recipe.go:17.57,18.17 1 0
github.com/pageza/alchemorsel-v2/backend/internal/model/recipe.go:18.17,20.3 1 0
github.com/pageza/alchemorsel-v2/backend/internal/model/recipe.go:21.2,21.24 1 0
github.com/pageza/alchemorsel-v2/backend/internal/model/recipe.go:25.58,26.18 1 0
github.com/pageza/alchemorsel-v2/backend/internal/model/recipe.go:26.18,29.3 2 0
github.com/pageza/alchemorsel-v2/backend/internal/model/recipe.go:31.2,32.27 2 0
github.com/pageza/alchemorsel-v2/backend/internal/model/recipe.go:33.14,34.12 1 0
github.com/pageza/alchemorsel-v2/backend/internal/model/recipe.go:35.14,36.20 1 0
github.com/pageza/alchemorsel-v2/backend/internal/model/recipe.go:37.10,38.13 1 0
github.com/pageza/alchemorsel-v2/backend/internal/model/recipe.go:41.2,41.33 1 0
github.com/pageza/alchemorsel-v2/backend/internal/model/recipe_favorite.go:16.42,18.2 1 0
github.com/pageza/alchemorsel-v2/backend/internal/router/router.go:16.15,27.2 5 0
github.com/pageza/alchemorsel-v2/backend/internal/router/router.go:27.2,30.3 2 0
github.com/pageza/alchemorsel-v2/backend/internal/router/router.go:33.2,35.2 3 0
github.com/pageza/alchemorsel-v2/backend/internal/router/router.go:35.2,38.3 2 0
github.com/pageza/alchemorsel-v2/backend/internal/router/router.go:38.3,41.4 2 0
github.com/pageza/alchemorsel-v2/backend/internal/router/router.go:44.3,45.3 2 0
github.com/pageza/alchemorsel-v2/backend/internal/router/router.go:45.3,51.4 5 0
github.com/pageza/alchemorsel-v2/backend/internal/router/router.go:54.3,55.3 2 0
github.com/pageza/alchemorsel-v2/backend/internal/router/router.go:55.3,59.4 3 0
github.com/pageza/alchemorsel-v2/backend/internal/router/router.go:62.2,62.15 1 0
github.com/pageza/alchemorsel-v2/backend/internal/middleware/auth.go:18.63,19.30 1 0
github.com/pageza/alchemorsel-v2/backend/internal/middleware/auth.go:19.30,21.23 2 0
github.com/pageza/alchemorsel-v2/backend/internal/middleware/auth.go:21.23,25.4 3 0
github.com/pageza/alchemorsel-v2/backend/internal/middleware/auth.go:27.3,28.46 2 0
github.com/pageza/alchemorsel-v2/backend/internal/middleware/auth.go:28.46,32.4 3 0
github.com/pageza/alchemorsel-v2/backend/internal/middleware/auth.go:34.3,36.17 3 0
github.com/pageza/alchemorsel-v2/backend/internal/middleware/auth.go:36.17,40.4 3 0
github.com/pageza/alchemorsel-v2/backend/internal/middleware/auth.go:43.3,45.11 3 0
github.com/pageza/alchemorsel-v2/backend/internal/middleware/cors.go:6.29,7.30 1 0
github.com/pageza/alchemorsel-v2/backend/internal/middleware/cors.go:7.30,10.76 2 0
github.com/pageza/alchemorsel-v2/backend/internal/middleware/cors.go:10.76,16.4 5 0
github.com/pageza/alchemorsel-v2/backend/internal/middleware/cors.go:19.3,19.36 1 0
github.com/pageza/alchemorsel-v2/backend/internal/middleware/cors.go:19.36,22.4 2 0
github.com/pageza/alchemorsel-v2/backend/internal/middleware/cors.go:24.3,24.11 1 0
github.com/pageza/alchemorsel-v2/backend/internal/middleware/error.go:22.56,25.2 2 1
github.com/pageza/alchemorsel-v2/backend/internal/middleware/error.go:27.57,28.25 1 1
github.com/pageza/alchemorsel-v2/backend/internal/middleware/error.go:28.25,32.3 2 1
github.com/pageza/alchemorsel-v2/backend/internal/middleware/error.go:33.2,33.34 1 0
github.com/pageza/alchemorsel-v2/backend/internal/middleware/error.go:37.51,38.71 1 1
github.com/pageza/alchemorsel-v2/backend/internal/middleware/error.go:38.71,40.16 2 1
github.com/pageza/alchemorsel-v2/backend/internal/middleware/error.go:40.16,41.36 1 1
github.com/pageza/alchemorsel-v2/backend/internal/middleware/error.go:41.36,45.108 4 0
github.com/pageza/alchemorsel-v2/backend/internal/middleware/error.go:45.108,47.6 1 0
github.com/pageza/alchemorsel-v2/backend/internal/middleware/error.go:48.10,48.36 1 1
github.com/pageza/alchemorsel-v2/backend/internal/middleware/error.go:48.36,51.91 2 1
github.com/pageza/alchemorsel-v2/backend/internal/middleware/error.go:51.91,53.6 1 0
github.com/pageza/alchemorsel-v2/backend/internal/middleware/error.go:57.3,57.25 1 1
github.com/pageza/alchemorsel-v2/backend/internal/testdb/db.go:25.33,26.25 1 0
github.com/pageza/alchemorsel-v2/backend/internal/testdb/db.go:26.25,28.3 1 0
github.com/pageza/alchemorsel-v2/backend/internal/testdb/db.go:29.2,29.12 1 0
github.com/pageza/alchemorsel-v2/backend/internal/testdb/db.go:33.40,98.80 24 0
github.com/pageza/alchemorsel-v2/backend/internal/testdb/db.go:98.80,100.3 1 0
github.com/pageza/alchemorsel-v2/backend/internal/testdb/db.go:103.2,120.23 1 0
github.com/pageza/alchemorsel-v2/backend/internal/testdb/db.go:120.23,122.3 1 0
github.com/pageza/alchemorsel-v2/backend/internal/testdb/db.go:125.2,132.19 2 0
github.com/pageza/alchemorsel-v2/backend/internal/testdb/db.go:132.19,133.40 1 0
github.com/pageza/alchemorsel-v2/backend/internal/testdb/db.go:133.40,135.4 1 0
github.com/pageza/alchemorsel-v2/backend/internal/testdb/db.go:138.2,138.15 1 0
github.com/pageza/alchemorsel-v2/backend/internal/testhelpers/types/types.go:16.60,18.2 1 0
github.com/pageza/alchemorsel-v2/backend/internal/testhelpers/types/types.go:21.61,22.18 1 0
github.com/pageza/alchemorsel-v2/backend/internal/testhelpers/types/types.go:22.18,25.3 2 0
github.com/pageza/alchemorsel-v2/backend/internal/testhelpers/types/types.go:26.2,27.9 2 0
github.com/pageza/alchemorsel-v2/backend/internal/testhelpers/types/types.go:27.9,29.3 1 0
github.com/pageza/alchemorsel-v2/backend/internal/testhelpers/types/types.go:30.2,30.33 1 0
github.com/pageza/alchemorsel-v2/backend/internal/testhelpers/types/types.go:57.51,58.24 1 0
github.com/pageza/alchemorsel-v2/backend/internal/testhelpers/types/types.go:58.24,60.3 1 0
github.com/pageza/alchemorsel-v2/backend/internal/testhelpers/types/types.go:61.2,61.34 1 0
github.com/pageza/alchemorsel-v2/backend/internal/testhelpers/types/types.go:65.52,66.18 1 0
github.com/pageza/alchemorsel-v2/backend/internal/testhelpers/types/types.go:66.18,69.3 2 0
github.com/pageza/alchemorsel-v2/backend/internal/testhelpers/types/types.go:70.2,71.9 2 0
github.com/pageza/alchemorsel-v2/backend/internal/testhelpers/types/types.go:71.9,73.3 1 0
github.com/pageza/alchemorsel-v2/backend/internal/testhelpers/types/types.go:74.2,74.44 1 0
github.com/pageza/alchemorsel-v2/backend/internal/testingutils/db.go:86.60,88.2 1 0
github.com/pageza/alchemorsel-v2/backend/internal/testingutils/db.go:91.61,92.18 1 0
github.com/pageza/alchemorsel-v2/backend/internal/testingutils/db.go:92.18,95.3 2 0
github.com/pageza/alchemorsel-v2/backend/internal/testingutils/db.go:96.2,97.9 2 0
github.com/pageza/alchemorsel-v2/backend/internal/testingutils/db.go:97.9,99.3 1 0
github.com/pageza/alchemorsel-v2/backend/internal/testingutils/db.go:100.2,100.33 1 0
github.com/pageza/alchemorsel-v2/backend/internal/testingutils/db.go:106.86,108.39 1 0
github.com/pageza/alchemorsel-v2/backend/internal/testingutils/db.go:108.39,113.3 1 0
github.com/pageza/alchemorsel-v2/backend/internal/testingutils/db.go:114.2,114.41 1 0
github.com/pageza/alchemorsel-v2/backend/internal/testingutils/db.go:120.88,123.2 1 0
github.com/pageza/alchemorsel-v2/backend/internal/testingutils/db.go:125.168,128.2 1 0
github.com/pageza/alchemorsel-v2/backend/internal/testingutils/db.go:140.46,160.16 3 0
github.com/pageza/alchemorsel-v2/backend/internal/testingutils/db.go:160.16,162.3 1 0
github.com/pageza/alchemorsel-v2/backend/internal/testingutils/db.go:165.2,166.16 2 0
github.com/pageza/alchemorsel-v2/backend/internal/testingutils/db.go:166.16,168.3 1 0
github.com/pageza/alchemorsel-v2/backend/internal/testingutils/db.go:169.2,170.16 2 0
github.com/pageza/alchemorsel-v2/backend/internal/testingutils/db.go:170.16,172.3 1 0
github.com/pageza/alchemorsel-v2/backend/internal/testingutils/db.go:175.2,180.16 3 0
github.com/pageza/alchemorsel-v2/backend/internal/testingutils/db.go:180.16,182.3 1 0
github.com/pageza/alchemorsel-v2/backend/internal/testingutils/db.go:185.2,185.80 1 0
github.com/pageza/alchemorsel-v2/backend/internal/testingutils/db.go:185.80,187.3 1 0
github.com/pageza/alchemorsel-v2/backend/internal/testingutils/db.go:190.2,191.66 2 0
github.com/pageza/alchemorsel-v2/backend/internal/testingutils/db.go:191.66,193.3 1 0
github.com/pageza/alchemorsel-v2/backend/internal/testingutils/db.go:196.2,202.19 5 0
github.com/pageza/alchemorsel-v2/backend/internal/testingutils/db.go:202.19,203.50 1 0
github.com/pageza/alchemorsel-v2/backend/internal/testingutils/db.go:203.50,205.4 1 0
github.com/pageza/alchemorsel-v2/backend/internal/testingutils/db.go:208.2,214.3 1 0
github.com/pageza/alchemorsel-v2/backend/internal/testingutils/db.go:218.75,223.16 4 0
github.com/pageza/alchemorsel-v2/backend/internal/testingutils/db.go:223.16,225.3 1 0
github.com/pageza/alchemorsel-v2/backend/internal/testingutils/db.go:227.2,233.50 2 0
github.com/pageza/alchemorsel-v2/backend/internal/testingutils/db.go:233.50,235.3 1 0
github.com/pageza/alchemorsel-v2/backend/internal/testingutils/db.go:238.2,243.53 2 0
github.com/pageza/alchemorsel-v2/backend/internal/testingutils/db.go:243.53,245.3 1 0
github.com/pageza/alchemorsel-v2/backend/internal/testingutils/db.go:248.2,252.16 2 0
github.com/pageza/alchemorsel-v2/backend/internal/testingutils/db.go:252.16,254.3 1 0
github.com/pageza/alchemorsel-v2/backend/internal/testingutils/db.go:256.2,256.22 1 0
github.com/pageza/alchemorsel-v2/backend/internal/testingutils/db.go:260.51,262.2 1 0
github.com/pageza/alchemorsel-v2/backend/internal/testingutils/db.go:265.52,266.18 1 0
github.com/pageza/alchemorsel-v2/backend/internal/testingutils/db.go:266.18,269.3 2 0
github.com/pageza/alchemorsel-v2/backend/internal/testingutils/db.go:270.2,270.32 1 0
github.com/pageza/alchemorsel-v2/backend/internal/testingutils/testingutils.go:16.36,22.2 5 0
github.com/pageza/alchemorsel-v2/backend/internal/testingutils/testingutils.go:25.121,27.17 2 0
github.com/pageza/alchemorsel-v2/backend/internal/testingutils/testingutils.go:27.17,31.3 3 0
github.com/pageza/alchemorsel-v2/backend/internal/testingutils/testingutils.go:31.8,33.3 1 0
github.com/pageza/alchemorsel-v2/backend/internal/testingutils/testingutils.go:35.2,35.17 1 0
github.com/pageza/alchemorsel-v2/backend/internal/testingutils/testingutils.go:35.17,37.3 1 0
github.com/pageza/alchemorsel-v2/backend/internal/testingutils/testingutils.go:39.2,41.10 3 0
github.com/pageza/alchemorsel-v2/backend/internal/testingutils/testingutils.go:45.111,47.25 2 0
github.com/pageza/alchemorsel-v2/backend/internal/testingutils/testingutils.go:47.25,52.3 4 0
github.com/pageza/alchemorsel-v2/backend/internal/testutil/mocks/mocks.go:19.149,21.24 2 0
github.com/pageza/alchemorsel-v2/backend/internal/testutil/mocks/mocks.go:21.24,23.3 1 0
github.com/pageza/alchemorsel-v2/backend/internal/testutil/mocks/mocks.go:24.2,24.50 1 0
github.com/pageza/alchemorsel-v2/backend/internal/testutil/mocks/mocks.go:28.121,30.24 2 0
github.com/pageza/alchemorsel-v2/backend/internal/testutil/mocks/mocks.go:30.24,32.3 1 0
github.com/pageza/alchemorsel-v2/backend/internal/testutil/mocks/mocks.go:33.2,33.85 1 0
github.com/pageza/alchemorsel-v2/backend/internal/testutil/mocks/mocks.go:37.84,40.2 2 0
github.com/pageza/alchemorsel-v2/backend/internal/testutil/mocks/mocks.go:43.83,45.24 2 0
github.com/pageza/alchemorsel-v2/backend/internal/testutil/mocks/mocks.go:45.24,47.3 1 0
github.com/pageza/alchemorsel-v2/backend/internal/testutil/mocks/mocks.go:48.2,48.56 1 0
github.com/pageza/alchemorsel-v2/backend/internal/testutil/mocks/mocks.go:52.81,55.2 2 0
github.com/pageza/alchemorsel-v2/backend/internal/testutil/mocks/mocks.go:62.110,64.24 2 0
github.com/pageza/alchemorsel-v2/backend/internal/testutil/mocks/mocks.go:64.24,66.3 1 0
github.com/pageza/alchemorsel-v2/backend/internal/testutil/mocks/mocks.go:67.2,67.52 1 0
github.com/pageza/alchemorsel-v2/backend/internal/testutil/mocks/mocks.go:70.98,72.24 2 0
github.com/pageza/alchemorsel-v2/backend/internal/testutil/mocks/mocks.go:72.24,74.3 1 0
github.com/pageza/alchemorsel-v2/backend/internal/testutil/mocks/mocks.go:75.2,75.52 1 0
github.com/pageza/alchemorsel-v2/backend/internal/testutil/mocks/mocks.go:78.124,80.24 2 0
github.com/pageza/alchemorsel-v2/backend/internal/testutil/mocks/mocks.go:80.24,82.3 1 0
github.com/pageza/alchemorsel-v2/backend/internal/testutil/mocks/mocks.go:83.2,83.52 1 0
github.com/pageza/alchemorsel-v2/backend/internal/testutil/mocks/mocks.go:86.83,89.2 2 0
github.com/pageza/alchemorsel-v2/backend/internal/testutil/mocks/mocks.go:91.109,93.24 2 0
github.com/pageza/alchemorsel-v2/backend/internal/testutil/mocks/mocks.go:93.24,95.3 1 0
github.com/pageza/alchemorsel-v2/backend/internal/testutil/mocks/mocks.go:96.2,96.54 1 0
github.com/pageza/alchemorsel-v2/backend/internal/testutil/mocks/mocks.go:104.113,106.24 2 0
github.com/pageza/alchemorsel-v2/backend/internal/testutil/mocks/mocks.go:106.24,108.3 1 0
github.com/pageza/alchemorsel-v2/backend/internal/testutil/mocks/mocks.go:109.2,109.57 1 0
github.com/pageza/alchemorsel-v2/backend/internal/testutil/mocks/mocks.go:112.145,114.24 2 0
github.com/pageza/alchemorsel-v2/backend/internal/testutil/mocks/mocks.go:114.24,116.3 1 0
github.com/pageza/alchemorsel-v2/backend/internal/testutil/mocks/mocks.go:117.2,117.57 1 0
github.com/pageza/alchemorsel-v2/backend/internal/testutil/mocks/mocks.go:120.110,122.24 2 0
github.com/pageza/alchemorsel-v2/backend/internal/testutil/mocks/mocks.go:122.24,124.3 1 0
github.com/pageza/alchemorsel-v2/backend/internal/testutil/mocks/mocks.go:125.2,125.54 1 0
github.com/pageza/alchemorsel-v2/backend/internal/testhelpers/mocks/mocks.go:16.82,18.2 1 0
github.com/pageza/alchemorsel-v2/backend/internal/testhelpers/mocks/mocks.go:20.101,22.2 1 0
github.com/pageza/alchemorsel-v2/backend/internal/testhelpers/mocks/mocks.go:29.42,33.2 1 0
github.com/pageza/alchemorsel-v2/backend/internal/testhelpers/mocks/mocks.go:35.142,37.2 1 0
github.com/pageza/alchemorsel-v2/backend/internal/testhelpers/mocks/mocks.go:39.91,43.2 3 0
github.com/pageza/alchemorsel-v2/backend/internal/testhelpers/mocks/mocks.go:45.97,46.43 1 0
github.com/pageza/alchemorsel-v2/backend/internal/testhelpers/mocks/mocks.go:46.43,48.3 1 0
github.com/pageza/alchemorsel-v2/backend/internal/testhelpers/mocks/mocks.go:49.2,60.8 1 0
github.com/pageza/alchemorsel-v2/backend/internal/testhelpers/mocks/mocks.go:63.93,66.2 2 0
github.com/pageza/alchemorsel-v2/backend/internal/testhelpers/mocks/mocks.go:68.76,71.2 2 0
github.com/pageza/alchemorsel-v2/backend/internal/testhelpers/mocks/mocks.go:73.89,80.2 1 0
github.com/pageza/alchemorsel-v2/backend/internal/testhelpers/mocks/mocks.go:82.83,84.2 1 0
github.com/pageza/alchemorsel-v2/backend/internal/testhelpers/mocks/mocks.go:92.86,94.24 2 0
github.com/pageza/alchemorsel-v2/backend/internal/testhelpers/mocks/mocks.go:94.24,96.3 1 0
github.com/pageza/alchemorsel-v2/backend/internal/testhelpers/mocks/mocks.go:97.2,97.56 1 0
github.com/pageza/alchemorsel-v2/backend/internal/testhelpers/mocks/mocks.go:106.139,108.24 2 0
github.com/pageza/alchemorsel-v2/backend/internal/testhelpers/mocks/mocks.go:108.24,110.3 1 0
github.com/pageza/alchemorsel-v2/backend/internal/testhelpers/mocks/mocks.go:111.2,111.50 1 0
github.com/pageza/alchemorsel-v2/backend/internal/testhelpers/mocks/mocks.go:115.121,117.24 2 0
github.com/pageza/alchemorsel-v2/backend/internal/testhelpers/mocks/mocks.go:117.24,119.3 1 0
github.com/pageza/alchemorsel-v2/backend/internal/testhelpers/mocks/mocks.go:120.2,120.85 1 0
github.com/pageza/alchemorsel-v2/backend/internal/testhelpers/mocks/mocks.go:124.83,126.24 2 0
github.com/pageza/alchemorsel-v2/backend/internal/testhelpers/mocks/mocks.go:126.24,128.3 1 0
github.com/pageza/alchemorsel-v2/backend/internal/testhelpers/mocks/mocks.go:129.2,129.56 1 0
github.com/pageza/alchemorsel-v2/backend/internal/testhelpers/mocks/mocks.go:133.84,136.2 2 0
github.com/pageza/alchemorsel-v2/backend/internal/testhelpers/mocks/mocks.go:144.109,146.24 2 0
github.com/pageza/alchemorsel-v2/backend/internal/testhelpers/mocks/mocks.go:146.24,148.3 1 0
github.com/pageza/alchemorsel-v2/backend/internal/testhelpers/mocks/mocks.go:149.2,149.57 1 0
github.com/pageza/alchemorsel-v2/backend/internal/testhelpers/mocks/mocks.go:153.149,155.24 2 0
github.com/pageza/alchemorsel-v2/backend/internal/testhelpers/mocks/mocks.go:155.24,157.3 1 0
github.com/pageza/alchemorsel-v2/backend/internal/testhelpers/mocks/mocks.go:158.2,158.57 1 0
github.com/pageza/alchemorsel-v2/backend/internal/testhelpers/mocks/mocks.go:162.82,165.2 2 0
github.com/pageza/alchemorsel-v2/backend/internal/testhelpers/mocks/mocks.go:168.110,170.24 2 0
github.com/pageza/alchemorsel-v2/backend/internal/testhelpers/mocks/mocks.go:170.24,172.3 1 0
github.com/pageza/alchemorsel-v2/backend/internal/testhelpers/mocks/mocks.go:173.2,173.54 1 0
github.com/pageza/alchemorsel-v2/backend/internal/testhelpers/mocks/mocks.go:177.120,179.24 2 0
github.com/pageza/alchemorsel-v2/backend/internal/testhelpers/mocks/mocks.go:179.24,181.3 1 0
github.com/pageza/alchemorsel-v2/backend/internal/testhelpers/mocks/mocks.go:182.2,182.61 1 0
github.com/pageza/alchemorsel-v2/backend/internal/testhelpers/mocks/mocks.go:186.89,188.24 2 0
github.com/pageza/alchemorsel-v2/backend/internal/testhelpers/mocks/mocks.go:188.24,190.3 1 0
github.com/pageza/alchemorsel-v2/backend/internal/testhelpers/mocks/mocks.go:191.2,191.57 1 0
github.com/pageza/alchemorsel-v2/backend/internal/testhelpers/mocks/mocks.go:200.110,202.24 2 0
github.com/pageza/alchemorsel-v2/backend/internal/testhelpers/mocks/mocks.go:202.24,204.3 1 0
github.com/pageza/alchemorsel-v2/backend/internal/testhelpers/mocks/mocks.go:205.2,205.52 1 0
github.com/pageza/alchemorsel-v2/backend/internal/testhelpers/mocks/mocks.go:209.98,211.24 2 0
github.com/pageza/alchemorsel-v2/backend/internal/testhelpers/mocks/mocks.go:211.24,213.3 1 0
github.com/pageza/alchemorsel-v2/backend/internal/testhelpers/mocks/mocks.go:214.2,214.52 1 0
github.com/pageza/alchemorsel-v2/backend/internal/testhelpers/mocks/mocks.go:218.124,220.24 2 0
github.com/pageza/alchemorsel-v2/backend/internal/testhelpers/mocks/mocks.go:220.24,222.3 1 0
github.com/pageza/alchemorsel-v2/backend/internal/testhelpers/mocks/mocks.go:223.2,223.52 1 0
github.com/pageza/alchemorsel-v2/backend/internal/testhelpers/mocks/mocks.go:227.83,230.2 2 0
github.com/pageza/alchemorsel-v2/backend/internal/types/test_types.go:54.60,56.2 1 0
github.com/pageza/alchemorsel-v2/backend/internal/types/test_types.go:59.64,61.49 2 0
github.com/pageza/alchemorsel-v2/backend/internal/types/test_types.go:61.49,63.3 1 0
github.com/pageza/alchemorsel-v2/backend/internal/types/test_types.go:64.2,65.12 2 0
github.com/pageza/alchemorsel-v2/backend/internal/types/token.go:16.63,18.2 1 0
github.com/pageza/alchemorsel-v2/backend/internal/types/token.go:21.69,23.2 1 0
github.com/pageza/alchemorsel-v2/backend/internal/types/token.go:26.64,28.2 1 0
github.com/pageza/alchemorsel-v2/backend/internal/types/token.go:31.63,33.2 1 0
github.com/pageza/alchemorsel-v2/backend/internal/types/token.go:36.51,38.2 1 0
github.com/pageza/alchemorsel-v2/backend/internal/types/token.go:41.52,43.2 1 0
github.com/pageza/alchemorsel-v2/backend/internal/database/database.go:21.48,37.16 5 0
github.com/pageza/alchemorsel-v2/backend/internal/database/database.go:37.16,39.3 1 0
github.com/pageza/alchemorsel-v2/backend/internal/database/database.go:42.2,43.16 2 0
github.com/pageza/alchemorsel-v2/backend/internal/database/database.go:43.16,45.3 1 0
github.com/pageza/alchemorsel-v2/backend/internal/database/database.go:48.2,53.37 4 0
github.com/pageza/alchemorsel-v2/backend/internal/database/database.go:53.37,55.3 1 0
github.com/pageza/alchemorsel-v2/backend/internal/database/database.go:57.2,58.16 2 0
github.com/pageza/alchemorsel-v2/backend/internal/database/database.go:62.54,64.16 2 0
github.com/pageza/alchemorsel-v2/backend/internal/database/database.go:64.16,66.3 1 0
github.com/pageza/alchemorsel-v2/backend/internal/database/database.go:67.2,67.31 1 0
github.com/pageza/alchemorsel-v2/backend/internal/database/database.go:71.29,73.16 2 0
github.com/pageza/alchemorsel-v2/backend/internal/database/database.go:73.16,75.3 1 0
github.com/pageza/alchemorsel-v2/backend/internal/database/database.go:76.2,76.22 1 0
github.com/pageza/alchemorsel-v2/backend/internal/database/migrate.go:15.61,18.16 2 0
github.com/pageza/alchemorsel-v2/backend/internal/database/migrate.go:18.16,20.3 1 0
github.com/pageza/alchemorsel-v2/backend/internal/database/migrate.go:23.2,23.40 1 0
github.com/pageza/alchemorsel-v2/backend/internal/database/migrate.go:23.40,25.3 1 0
github.com/pageza/alchemorsel-v2/backend/internal/database/migrate.go:28.2,34.23 1 0
github.com/pageza/alchemorsel-v2/backend/internal/database/migrate.go:34.23,36.3 1 0
github.com/pageza/alchemorsel-v2/backend/internal/database/migrate.go:39.2,39.29 1 0
github.com/pageza/alchemorsel-v2/backend/internal/database/migrate.go:39.29,40.46 1 0
github.com/pageza/alchemorsel-v2/backend/internal/database/migrate.go:40.46,41.12 1 0
github.com/pageza/alchemorsel-v2/backend/internal/database/migrate.go:45.3,46.99 2 0
github.com/pageza/alchemorsel-v2/backend/internal/database/migrate.go:46.99,48.4 1 0
github.com/pageza/alchemorsel-v2/backend/internal/database/migrate.go:49.3,49.16 1 0
github.com/pageza/alchemorsel-v2/backend/internal/database/migrate.go:49.16,51.12 2 0
github.com/pageza/alchemorsel-v2/backend/internal/database/migrate.go:55.3,56.17 2 0
github.com/pageza/alchemorsel-v2/backend/internal/database/migrate.go:56.17,58.4 1 0
github.com/pageza/alchemorsel-v2/backend/internal/database/migrate.go:61.3,61.56 1 0
github.com/pageza/alchemorsel-v2/backend/internal/database/migrate.go:61.56,63.4 1 0
github.com/pageza/alchemorsel-v2/backend/internal/database/migrate.go:66.3,66.96 1 0
github.com/pageza/alchemorsel-v2/backend/internal/database/migrate.go:66.96,68.4 1 0
github.com/pageza/alchemorsel-v2/backend/internal/database/migrate.go:70.3,70.50 1 0
github.com/pageza/alchemorsel-v2/backend/internal/database/migrate.go:73.2,73.12 1 0
github.com/pageza/alchemorsel-v2/backend/internal/testhelpers/database.go:24.52,27.16 2 0
github.com/pageza/alchemorsel-v2/backend/internal/testhelpers/database.go:27.16,29.3 1 0
github.com/pageza/alchemorsel-v2/backend/internal/testhelpers/database.go:32.2,36.19 3 0
github.com/pageza/alchemorsel-v2/backend/internal/testhelpers/database.go:36.19,37.50 1 0
github.com/pageza/alchemorsel-v2/backend/internal/testhelpers/database.go:37.50,39.4 1 0
github.com/pageza/alchemorsel-v2/backend/internal/testhelpers/database.go:43.2,58.15 15 0
github.com/pageza/alchemorsel-v2/backend/internal/testhelpers/database.go:58.15,73.3 14 0
github.com/pageza/alchemorsel-v2/backend/internal/testhelpers/database.go:76.2,77.16 2 0
github.com/pageza/alchemorsel-v2/backend/internal/testhelpers/database.go:77.16,79.3 1 0
github.com/pageza/alchemorsel-v2/backend/internal/testhelpers/database.go:82.2,105.81 8 0
github.com/pageza/alchemorsel-v2/backend/internal/testhelpers/database.go:105.81,113.6 1 0
github.com/pageza/alchemorsel-v2/backend/internal/testhelpers/database.go:119.2,119.16 1 0
github.com/pageza/alchemorsel-v2/backend/internal/testhelpers/database.go:119.16,121.3 1 0
github.com/pageza/alchemorsel-v2/backend/internal/testhelpers/database.go:124.2,125.16 2 0
github.com/pageza/alchemorsel-v2/backend/internal/testhelpers/database.go:125.16,127.3 1 0
github.com/pageza/alchemorsel-v2/backend/internal/testhelpers/database.go:128.2,129.16 2 0
github.com/pageza/alchemorsel-v2/backend/internal/testhelpers/database.go:129.16,131.3 1 0
github.com/pageza/alchemorsel-v2/backend/internal/testhelpers/database.go:134.2,137.34 4 0
github.com/pageza/alchemorsel-v2/backend/internal/testhelpers/database.go:137.34,161.17 6 0
github.com/pageza/alchemorsel-v2/backend/internal/testhelpers/database.go:161.17,164.18 2 0
github.com/pageza/alchemorsel-v2/backend/internal/testhelpers/database.go:164.18,173.19 6 0
github.com/pageza/alchemorsel-v2/backend/internal/testhelpers/database.go:173.19,177.35 3 0
github.com/pageza/alchemorsel-v2/backend/internal/testhelpers/database.go:177.35,178.12 1 0
github.com/pageza/alchemorsel-v2/backend/internal/testhelpers/database.go:184.3,184.23 1 0
github.com/pageza/alchemorsel-v2/backend/internal/testhelpers/database.go:184.23,188.4 3 0
github.com/pageza/alchemorsel-v2/backend/internal/testhelpers/database.go:190.2,190.16 1 0
github.com/pageza/alchemorsel-v2/backend/internal/testhelpers/database.go:190.16,192.3 1 0
github.com/pageza/alchemorsel-v2/backend/internal/testhelpers/database.go:195.2,195.80 1 0
github.com/pageza/alchemorsel-v2/backend/internal/testhelpers/database.go:195.80,197.3 1 0
github.com/pageza/alchemorsel-v2/backend/internal/testhelpers/database.go:200.2,217.23 1 0
github.com/pageza/alchemorsel-v2/backend/internal/testhelpers/database.go:217.23,219.3 1 0
github.com/pageza/alchemorsel-v2/backend/internal/testhelpers/database.go:222.2,230.16 2 0
github.com/pageza/alchemorsel-v2/backend/internal/testhelpers/database.go:230.16,232.3 1 0
github.com/pageza/alchemorsel-v2/backend/internal/testhelpers/database.go:235.2,235.19 1 0
github.com/pageza/alchemorsel-v2/backend/internal/testhelpers/database.go:235.19,239.50 3 0
github.com/pageza/alchemorsel-v2/backend/internal/testhelpers/database.go:239.50,241.4 1 0
github.com/pageza/alchemorsel-v2/backend/internal/testhelpers/database.go:244.3,244.15 1 0
github.com/pageza/alchemorsel-v2/backend/internal/testhelpers/database.go:248.2,254.15 2 0
github.com/pageza/alchemorsel-v2/backend/internal/testhelpers/mocks.go:15.83,18.2 2 0
github.com/pageza/alchemorsel-v2/backend/internal/testhelpers/mocks.go:25.88,27.24 2 0
github.com/pageza/alchemorsel-v2/backend/internal/testhelpers/mocks.go:27.24,29.3 1 0
github.com/pageza/alchemorsel-v2/backend/internal/testhelpers/mocks.go:30.2,30.57 1 0
github.com/pageza/alchemorsel-v2/backend/internal/testhelpers/mocks.go:33.100,36.2 2 0
github.com/pageza/alchemorsel-v2/backend/internal/testhelpers/mocks.go:38.101,41.2 2 0
github.com/pageza/alchemorsel-v2/backend/internal/testhelpers/mocks.go:43.61,46.2 2 0
github.com/pageza/alchemorsel-v2/backend/internal/testhelpers/mocks.go:48.100,51.2 2 0
github.com/pageza/alchemorsel-v2/backend/internal/testhelpers/mocks.go:53.86,56.2 2 0
github.com/pageza/alchemorsel-v2/backend/internal/testhelpers/mocks.go:58.88,61.2 2 0
github.com/pageza/alchemorsel-v2/backend/internal/testhelpers/mocks.go:63.92,70.2 1 0
github.com/pageza/alchemorsel-v2/backend/internal/testhelpers/testutil.go:36.39,38.2 1 8
github.com/pageza/alchemorsel-v2/backend/internal/testhelpers/testutil.go:41.81,54.79 5 1
github.com/pageza/alchemorsel-v2/backend/internal/testhelpers/testutil.go:54.79,57.3 2 0
github.com/pageza/alchemorsel-v2/backend/internal/testhelpers/testutil.go:58.2,63.130 4 1
github.com/pageza/alchemorsel-v2/backend/internal/testhelpers/testutil.go:63.130,66.3 2 0
github.com/pageza/alchemorsel-v2/backend/internal/testhelpers/testutil.go:67.2,67.22 1 1
github.com/pageza/alchemorsel-v2/backend/internal/testhelpers/testutil.go:67.22,70.3 2 0
github.com/pageza/alchemorsel-v2/backend/internal/testhelpers/testutil.go:71.2,92.23 3 1
github.com/pageza/alchemorsel-v2/backend/internal/testhelpers/testutil.go:92.23,95.3 2 0
github.com/pageza/alchemorsel-v2/backend/internal/testhelpers/testutil.go:96.2,101.137 4 1
github.com/pageza/alchemorsel-v2/backend/internal/testhelpers/testutil.go:101.137,104.3 2 0
github.com/pageza/alchemorsel-v2/backend/internal/testhelpers/testutil.go:105.2,105.17 1 1
github.com/pageza/alchemorsel-v2/backend/internal/testhelpers/testutil.go:105.17,108.3 2 0
github.com/pageza/alchemorsel-v2/backend/internal/testhelpers/testutil.go:109.2,123.16 5 1
github.com/pageza/alchemorsel-v2/backend/internal/testhelpers/testutil.go:123.16,126.3 2 0
github.com/pageza/alchemorsel-v2/backend/internal/testhelpers/testutil.go:127.2,131.57 3 1
github.com/pageza/alchemorsel-v2/backend/internal/testhelpers/testutil.go:131.57,136.3 3 0
github.com/pageza/alchemorsel-v2/backend/internal/testhelpers/testutil.go:137.2,142.114 4 1
github.com/pageza/alchemorsel-v2/backend/internal/testhelpers/testutil.go:142.114,145.3 2 0
github.com/pageza/alchemorsel-v2/backend/internal/testhelpers/testutil.go:147.2,159.42 4 1
github.com/pageza/alchemorsel-v2/backend/internal/testhelpers/testutil.go:159.42,161.32 2 6
github.com/pageza/alchemorsel-v2/backend/internal/testhelpers/testutil.go:161.32,162.25 1 21
github.com/pageza/alchemorsel-v2/backend/internal/testhelpers/testutil.go:162.25,165.10 2 6
github.com/pageza/alchemorsel-v2/backend/internal/testhelpers/testutil.go:168.3,168.13 1 6
github.com/pageza/alchemorsel-v2/backend/internal/testhelpers/testutil.go:168.13,171.4 2 0
github.com/pageza/alchemorsel-v2/backend/internal/testhelpers/testutil.go:173.2,178.206 4 1
github.com/pageza/alchemorsel-v2/backend/internal/testhelpers/testutil.go:178.206,181.3 2 0
github.com/pageza/alchemorsel-v2/backend/internal/testhelpers/testutil.go:182.2,182.19 1 1
github.com/pageza/alchemorsel-v2/backend/internal/testhelpers/testutil.go:182.19,185.3 2 0
github.com/pageza/alchemorsel-v2/backend/internal/testhelpers/testutil.go:186.2,191.165 4 1
github.com/pageza/alchemorsel-v2/backend/internal/testhelpers/testutil.go:191.165,194.3 2 0
github.com/pageza/alchemorsel-v2/backend/internal/testhelpers/testutil.go:195.2,195.28 1 1
github.com/pageza/alchemorsel-v2/backend/internal/testhelpers/testutil.go:195.28,198.3 2 0
github.com/pageza/alchemorsel-v2/backend/internal/testhelpers/testutil.go:199.2,201.15 2 1
github.com/pageza/alchemorsel-v2/backend/internal/testhelpers/testutil.go:205.46,227.15 19 1
github.com/pageza/alchemorsel-v2/backend/internal/testhelpers/testutil.go:227.15,244.3 16 1
github.com/pageza/alchemorsel-v2/backend/internal/testhelpers/testutil.go:247.2,249.16 3 1
github.com/pageza/alchemorsel-v2/backend/internal/testhelpers/testutil.go:249.16,252.3 2 0
github.com/pageza/alchemorsel-v2/backend/internal/testhelpers/testutil.go:253.2,276.81 8 1
github.com/pageza/alchemorsel-v2/backend/internal/testhelpers/testutil.go:276.81,284.6 1 1
github.com/pageza/alchemorsel-v2/backend/internal/testhelpers/testutil.go:292.2,292.16 1 1
github.com/pageza/alchemorsel-v2/backend/internal/testhelpers/testutil.go:292.16,294.3 1 0
github.com/pageza/alchemorsel-v2/backend/internal/testhelpers/testutil.go:297.2,298.16 2 1
github.com/pageza/alchemorsel-v2/backend/internal/testhelpers/testutil.go:298.16,300.3 1 0
github.com/pageza/alchemorsel-v2/backend/internal/testhelpers/testutil.go:301.2,302.16 2 1
github.com/pageza/alchemorsel-v2/backend/internal/testhelpers/testutil.go:302.16,304.3 1 0
github.com/pageza/alchemorsel-v2/backend/internal/testhelpers/testutil.go:307.2,311.34 4 1
github.com/pageza/alchemorsel-v2/backend/internal/testhelpers/testutil.go:311.34,330.17 4 1
github.com/pageza/alchemorsel-v2/backend/internal/testhelpers/testutil.go:330.17,331.9 1 1
github.com/pageza/alchemorsel-v2/backend/internal/testhelpers/testutil.go:334.3,335.23 2 0
github.com/pageza/alchemorsel-v2/backend/internal/testhelpers/testutil.go:335.23,338.4 2 0
github.com/pageza/alchemorsel-v2/backend/internal/testhelpers/testutil.go:340.2,340.16 1 1
github.com/pageza/alchemorsel-v2/backend/internal/testhelpers/testutil.go:340.16,342.3 1 0
github.com/pageza/alchemorsel-v2/backend/internal/testhelpers/testutil.go:345.2,345.19 1 1
github.com/pageza/alchemorsel-v2/backend/internal/testhelpers/testutil.go:345.19,349.50 3 1
github.com/pageza/alchemorsel-v2/backend/internal/testhelpers/testutil.go:349.50,351.4 1 0
github.com/pageza/alchemorsel-v2/backend/internal/testhelpers/testutil.go:354.3,354.15 1 1
github.com/pageza/alchemorsel-v2/backend/internal/testhelpers/testutil.go:357.2,358.34 2 1
github.com/pageza/alchemorsel-v2/backend/internal/testhelpers/testutil.go:362.81,367.16 4 0
github.com/pageza/alchemorsel-v2/backend/internal/testhelpers/testutil.go:367.16,369.3 1 0
github.com/pageza/alchemorsel-v2/backend/internal/testhelpers/testutil.go:371.2,377.50 2 0
github.com/pageza/alchemorsel-v2/backend/internal/testhelpers/testutil.go:377.50,379.3 1 0
github.com/pageza/alchemorsel-v2/backend/internal/testhelpers/testutil.go:382.2,387.53 2 0
github.com/pageza/alchemorsel-v2/backend/internal/testhelpers/testutil.go:387.53,389.3 1 0
github.com/pageza/alchemorsel-v2/backend/internal/testhelpers/testutil.go:392.2,396.16 2 0
github.com/pageza/alchemorsel-v2/backend/internal/testhelpers/testutil.go:396.16,398.3 1 0
github.com/pageza/alchemorsel-v2/backend/internal/testhelpers/testutil.go:400.2,400.22 1 0
github.com/pageza/alchemorsel-v2/backend/internal/testhelpers/testutil.go:404.61,413.2 4 0
github.com/pageza/alchemorsel-v2/backend/internal/testhelpers/testutil.go:416.89,424.2 4 0
github.com/pageza/alchemorsel-v2/backend/internal/testhelpers/testutil.go:427.83,447.48 4 0
github.com/pageza/alchemorsel-v2/backend/internal/testhelpers/testutil.go:447.48,450.3 2 0
github.com/pageza/alchemorsel-v2/backend/internal/testhelpers/testutil.go:451.2,456.64 4 0
github.com/pageza/alchemorsel-v2/backend/internal/testhelpers/testutil.go:456.64,459.3 2 0
github.com/pageza/alchemorsel-v2/backend/internal/testhelpers/testutil.go:462.2,471.39 6 0
github.com/pageza/alchemorsel-v2/backend/internal/testhelpers/testutil.go:471.39,474.3 2 0
github.com/pageza/alchemorsel-v2/backend/internal/testhelpers/testutil.go:476.2,476.26 1 0
github.com/pageza/alchemorsel-v2/backend/internal/testhelpers/testutil.go:476.26,477.36 1 0
github.com/pageza/alchemorsel-v2/backend/internal/testhelpers/testutil.go:477.36,480.4 2 0
github.com/pageza/alchemorsel-v2/backend/internal/testhelpers/testutil.go:482.2,484.15 2 0
github.com/pageza/alchemorsel-v2/backend/internal/testhelpers/testutil.go:488.96,494.2 1 0
github.com/pageza/alchemorsel-v2/backend/internal/testhelpers/testutil.go:503.86,504.20 1 0
github.com/pageza/alchemorsel-v2/backend/internal/testhelpers/testutil.go:504.20,506.3 1 0
github.com/pageza/alchemorsel-v2/backend/internal/testhelpers/testutil.go:507.2,507.22 1 0
github.com/pageza/alchemorsel-v2/backend/internal/testhelpers/testutil.go:511.54,513.16 2 0
github.com/pageza/alchemorsel-v2/backend/internal/testhelpers/testutil.go:513.16,515.3 1 0
github.com/pageza/alchemorsel-v2/backend/internal/testhelpers/testutil.go:516.2,516.13 1 0
github.com/pageza/alchemorsel-v2/backend/internal/server/server.go:27.97,35.16 4 2
github.com/pageza/alchemorsel-v2/backend/internal/server/server.go:35.16,37.3 1 0
github.com/pageza/alchemorsel-v2/backend/internal/server/server.go:38.2,39.16 2 2
github.com/pageza/alchemorsel-v2/backend/internal/server/server.go:39.16,41.3 1 0
github.com/pageza/alchemorsel-v2/backend/internal/server/server.go:44.2,51.3 2 2
github.com/pageza/alchemorsel-v2/backend/internal/server/server.go:55.43,62.12 2 1
github.com/pageza/alchemorsel-v2/backend/internal/server/server.go:62.12,63.80 1 1
github.com/pageza/alchemorsel-v2/backend/internal/server/server.go:63.80,65.4 1 0
github.com/pageza/alchemorsel-v2/backend/internal/server/server.go:68.2,68.12 1 1
github.com/pageza/alchemorsel-v2/backend/internal/server/server.go:72.50,73.19 1 1
github.com/pageza/alchemorsel-v2/backend/internal/server/server.go:73.19,75.3 1 1
github.com/pageza/alchemorsel-v2/backend/internal/server/server.go:76.2,76.12 1 0
github.com/pageza/alchemorsel-v2/backend/internal/api/api.go:9.66,11.2 2 0
github.com/pageza/alchemorsel-v2/backend/internal/api/api.go:11.2,26.3 9 0
github.com/pageza/alchemorsel-v2/backend/internal/api/auth.go:21.81,26.2 1 1
github.com/pageza/alchemorsel-v2/backend/internal/api/auth.go:29.63,31.2 2 1
github.com/pageza/alchemorsel-v2/backend/internal/api/auth.go:31.2,36.3 4 1
github.com/pageza/alchemorsel-v2/backend/internal/api/auth.go:40.48,47.47 2 1
github.com/pageza/alchemorsel-v2/backend/internal/api/auth.go:47.47,50.3 2 0
github.com/pageza/alchemorsel-v2/backend/internal/api/auth.go:52.2,53.16 2 1
github.com/pageza/alchemorsel-v2/backend/internal/api/auth.go:53.16,56.3 2 0
github.com/pageza/alchemorsel-v2/backend/internal/api/auth.go:58.2,67.16 3 1
github.com/pageza/alchemorsel-v2/backend/internal/api/auth.go:67.16,70.3 2 0
github.com/pageza/alchemorsel-v2/backend/internal/api/auth.go:72.2,75.4 1 1
github.com/pageza/alchemorsel-v2/backend/internal/api/auth.go:79.45,85.47 2 0
github.com/pageza/alchemorsel-v2/backend/internal/api/auth.go:85.47,88.3 2 0
github.com/pageza/alchemorsel-v2/backend/internal/api/auth.go:90.2,91.16 2 0
github.com/pageza/alchemorsel-v2/backend/internal/api/auth.go:91.16,94.3 2 0
github.com/pageza/alchemorsel-v2/backend/internal/api/auth.go:96.2,105.16 3 0
github.com/pageza/alchemorsel-v2/backend/internal/api/auth.go:105.16,108.3 2 0
github.com/pageza/alchemorsel-v2/backend/internal/api/auth.go:110.2,113.4 1 0
github.com/pageza/alchemorsel-v2/backend/internal/api/auth.go:117.50,119.13 2 0
github.com/pageza/alchemorsel-v2/backend/internal/api/auth.go:119.13,122.3 2 0
github.com/pageza/alchemorsel-v2/backend/internal/api/auth.go:125.2,126.80 2 0
github.com/pageza/alchemorsel-v2/backend/internal/api/auth.go:126.80,129.3 2 0
github.com/pageza/alchemorsel-v2/backend/internal/api/auth.go:131.2,138.4 1 0
github.com/pageza/alchemorsel-v2/backend/internal/api/auth.go:142.53,144.13 2 0
github.com/pageza/alchemorsel-v2/backend/internal/api/auth.go:144.13,147.3 2 0
github.com/pageza/alchemorsel-v2/backend/internal/api/auth.go:149.2,150.47 2 0
github.com/pageza/alchemorsel-v2/backend/internal/api/auth.go:150.47,153.3 2 0
github.com/pageza/alchemorsel-v2/backend/internal/api/auth.go:156.2,157.80 2 0
github.com/pageza/alchemorsel-v2/backend/internal/api/auth.go:157.80,160.3 2 0
github.com/pageza/alchemorsel-v2/backend/internal/api/auth.go:162.2,162.24 1 0
github.com/pageza/alchemorsel-v2/backend/internal/api/auth.go:162.24,164.3 1 0
github.com/pageza/alchemorsel-v2/backend/internal/api/auth.go:165.2,165.20 1 0
github.com/pageza/alchemorsel-v2/backend/internal/api/auth.go:165.20,167.3 1 0
github.com/pageza/alchemorsel-v2/backend/internal/api/auth.go:168.2,168.34 1 0
github.com/pageza/alchemorsel-v2/backend/internal/api/auth.go:168.34,170.3 1 0
github.com/pageza/alchemorsel-v2/backend/internal/api/auth.go:171.2,171.29 1 0
github.com/pageza/alchemorsel-v2/backend/internal/api/auth.go:171.29,173.3 1 0
github.com/pageza/alchemorsel-v2/backend/internal/api/auth.go:175.2,175.50 1 0
github.com/pageza/alchemorsel-v2/backend/internal/api/auth.go:175.50,178.3 2 0
github.com/pageza/alchemorsel-v2/backend/internal/api/auth.go:180.2,187.4 1 0
github.com/pageza/alchemorsel-v2/backend/internal/api/handlers.go:11.34,17.2 1 0
github.com/pageza/alchemorsel-v2/backend/internal/api/handlers.go:20.180,37.2 11 0
github.com/pageza/alchemorsel-v2/backend/internal/api/llm.go:25.119,27.23 2 2
github.com/pageza/alchemorsel-v2/backend/internal/api/llm.go:27.23,29.3 1 2
github.com/pageza/alchemorsel-v2/backend/internal/api/llm.go:29.8,32.17 3 0
github.com/pageza/alchemorsel-v2/backend/internal/api/llm.go:32.17,33.14 1 0
github.com/pageza/alchemorsel-v2/backend/internal/api/llm.go:36.2,40.3 1 2
github.com/pageza/alchemorsel-v2/backend/internal/api/llm.go:44.73,46.2 1 0
github.com/pageza/alchemorsel-v2/backend/internal/api/llm.go:49.62,52.2 3 3
github.com/pageza/alchemorsel-v2/backend/internal/api/llm.go:52.2,54.3 1 3
github.com/pageza/alchemorsel-v2/backend/internal/api/llm.go:65.44,68.47 3 3
github.com/pageza/alchemorsel-v2/backend/internal/api/llm.go:68.47,70.81 2 2
github.com/pageza/alchemorsel-v2/backend/internal/api/llm.go:70.81,74.4 3 0
github.com/pageza/alchemorsel-v2/backend/internal/api/llm.go:75.3,77.9 3 2
github.com/pageza/alchemorsel-v2/backend/internal/api/llm.go:80.2,83.13 4 1
github.com/pageza/alchemorsel-v2/backend/internal/api/llm.go:83.13,87.3 3 0
github.com/pageza/alchemorsel-v2/backend/internal/api/llm.go:88.2,90.9 3 1
github.com/pageza/alchemorsel-v2/backend/internal/api/llm.go:90.9,94.3 3 0
github.com/pageza/alchemorsel-v2/backend/internal/api/llm.go:95.2,97.20 2 1
github.com/pageza/alchemorsel-v2/backend/internal/api/llm.go:98.18,101.17 3 0
github.com/pageza/alchemorsel-v2/backend/internal/api/llm.go:101.17,105.4 3 0
github.com/pageza/alchemorsel-v2/backend/internal/api/llm.go:106.3,111.73 4 0
github.com/pageza/alchemorsel-v2/backend/internal/api/llm.go:111.73,115.4 1 0
github.com/pageza/alchemorsel-v2/backend/internal/api/llm.go:117.3,118.69 2 0
github.com/pageza/alchemorsel-v2/backend/internal/api/llm.go:118.69,121.36 3 0
github.com/pageza/alchemorsel-v2/backend/internal/api/llm.go:121.36,123.5 1 0
github.com/pageza/alchemorsel-v2/backend/internal/api/llm.go:124.4,126.10 3 0
github.com/pageza/alchemorsel-v2/backend/internal/api/llm.go:128.3,129.78 2 0
github.com/pageza/alchemorsel-v2/backend/internal/api/llm.go:129.78,133.4 3 0
github.com/pageza/alchemorsel-v2/backend/internal/api/llm.go:134.3,139.73 3 0
github.com/pageza/alchemorsel-v2/backend/internal/api/llm.go:140.16,142.24 2 1
github.com/pageza/alchemorsel-v2/backend/internal/api/llm.go:142.24,146.4 3 0
github.com/pageza/alchemorsel-v2/backend/internal/api/llm.go:147.3,148.17 2 1
github.com/pageza/alchemorsel-v2/backend/internal/api/llm.go:148.17,152.4 3 0
github.com/pageza/alchemorsel-v2/backend/internal/api/llm.go:153.3,153.38 1 1
github.com/pageza/alchemorsel-v2/backend/internal/api/llm.go:153.38,157.4 3 0
github.com/pageza/alchemorsel-v2/backend/internal/api/llm.go:158.3,159.17 2 1
github.com/pageza/alchemorsel-v2/backend/internal/api/llm.go:159.17,163.4 3 0
github.com/pageza/alchemorsel-v2/backend/internal/api/llm.go:164.3,166.76 3 1
github.com/pageza/alchemorsel-v2/backend/internal/api/llm.go:166.76,170.4 3 0
github.com/pageza/alchemorsel-v2/backend/internal/api/llm.go:171.3,183.78 13 1
github.com/pageza/alchemorsel-v2/backend/internal/api/llm.go:183.78,187.4 3 0
github.com/pageza/alchemorsel-v2/backend/internal/api/llm.go:188.3,193.82 3 1
github.com/pageza/alchemorsel-v2/backend/internal/api/llm.go:194.10,196.66 2 0
github.com/pageza/alchemorsel-v2/backend/internal/api/llm.go:201.47,203.19 2 0
github.com/pageza/alchemorsel-v2/backend/internal/api/llm.go:203.19,206.3 2 0
github.com/pageza/alchemorsel-v2/backend/internal/api/llm.go:209.2,210.18 2 0
github.com/pageza/alchemorsel-v2/backend/internal/api/llm.go:210.18,213.3 2 0
github.com/pageza/alchemorsel-v2/backend/internal/api/llm.go:215.2,216.16 2 0
github.com/pageza/alchemorsel-v2/backend/internal/api/llm.go:216.16,219.3 2 0
github.com/pageza/alchemorsel-v2/backend/internal/api/llm.go:222.2,222.28 1 0
github.com/pageza/alchemorsel-v2/backend/internal/api/llm.go:222.28,225.3 2 0
github.com/pageza/alchemorsel-v2/backend/internal/api/llm.go:227.2,227.46 1 0
github.com/pageza/alchemorsel-v2/backend/internal/api/llm.go:231.50,233.19 2 0
github.com/pageza/alchemorsel-v2/backend/internal/api/llm.go:233.19,236.3 2 0
github.com/pageza/alchemorsel-v2/backend/internal/api/llm.go:239.2,240.18 2 0
github.com/pageza/alchemorsel-v2/backend/internal/api/llm.go:240.18,243.3 2 0
github.com/pageza/alchemorsel-v2/backend/internal/api/llm.go:246.2,247.16 2 0
github.com/pageza/alchemorsel-v2/backend/internal/api/llm.go:247.16,250.3 2 0
github.com/pageza/alchemorsel-v2/backend/internal/api/llm.go:253.2,253.28 1 0
github.com/pageza/alchemorsel-v2/backend/internal/api/llm.go:253.28,256.3 2 0
github.com/pageza/alchemorsel-v2/backend/internal/api/llm.go:258.2,258.79 1 0
github.com/pageza/alchemorsel-v2/backend/internal/api/llm.go:258.79,261.3 2 0
github.com/pageza/alchemorsel-v2/backend/internal/api/llm.go:263.2,263.58 1 0
github.com/pageza/alchemorsel-v2/backend/internal/api/profile.go:25.114,30.2 1 2
github.com/pageza/alchemorsel-v2/backend/internal/api/profile.go:32.66,35.2 3 0
github.com/pageza/alchemorsel-v2/backend/internal/api/profile.go:35.2,41.3 5 0
github.com/pageza/alchemorsel-v2/backend/internal/api/profile.go:44.53,48.16 3 1
github.com/pageza/alchemorsel-v2/backend/internal/api/profile.go:48.16,51.3 2 0
github.com/pageza/alchemorsel-v2/backend/internal/api/profile.go:53.2,54.16 2 1
github.com/pageza/alchemorsel-v2/backend/internal/api/profile.go:54.16,57.3 2 0
github.com/pageza/alchemorsel-v2/backend/internal/api/profile.go:59.2,62.4 1 1
github.com/pageza/alchemorsel-v2/backend/internal/api/profile.go:65.56,67.47 2 1
github.com/pageza/alchemorsel-v2/backend/internal/api/profile.go:67.47,70.3 2 0
github.com/pageza/alchemorsel-v2/backend/internal/api/profile.go:72.2,74.16 3 1
github.com/pageza/alchemorsel-v2/backend/internal/api/profile.go:74.16,77.3 2 0
github.com/pageza/alchemorsel-v2/backend/internal/api/profile.go:78.2,78.32 1 1
github.com/pageza/alchemorsel-v2/backend/internal/api/profile.go:81.49,83.77 2 0
github.com/pageza/alchemorsel-v2/backend/internal/api/profile.go:83.77,86.3 2 0
github.com/pageza/alchemorsel-v2/backend/internal/api/profile.go:87.2,87.25 1 0
github.com/pageza/alchemorsel-v2/backend/internal/api/profile.go:90.57,93.16 3 0
github.com/pageza/alchemorsel-v2/backend/internal/api/profile.go:93.16,96.3 2 0
github.com/pageza/alchemorsel-v2/backend/internal/api/profile.go:97.2,97.32 1 0
github.com/pageza/alchemorsel-v2/backend/internal/api/profile.go:100.60,103.16 3 0
github.com/pageza/alchemorsel-v2/backend/internal/api/profile.go:103.16,106.3 2 0
github.com/pageza/alchemorsel-v2/backend/internal/api/profile.go:107.2,107.32 1 0
github.com/pageza/alchemorsel-v2/backend/internal/api/profile.go:111.122,116.2 4 0
github.com/pageza/alchemorsel-v2/backend/internal/api/profile.go:116.2,119.3 2 0
github.com/pageza/alchemorsel-v2/backend/internal/api/recipe.go:25.202,32.2 1 1
github.com/pageza/alchemorsel-v2/backend/internal/api/recipe.go:35.65,45.2 6 1
github.com/pageza/alchemorsel-v2/backend/internal/api/recipe.go:45.2,51.3 5 1
github.com/pageza/alchemorsel-v2/backend/internal/api/recipe.go:55.54,60.13 5 6
github.com/pageza/alchemorsel-v2/backend/internal/api/recipe.go:60.13,64.3 3 0
github.com/pageza/alchemorsel-v2/backend/internal/api/recipe.go:65.2,66.9 2 6
github.com/pageza/alchemorsel-v2/backend/internal/api/recipe.go:66.9,70.3 3 0
github.com/pageza/alchemorsel-v2/backend/internal/api/recipe.go:71.2,89.47 3 6
github.com/pageza/alchemorsel-v2/backend/internal/api/recipe.go:89.47,93.3 3 0
github.com/pageza/alchemorsel-v2/backend/internal/api/recipe.go:96.2,97.31 2 6
github.com/pageza/alchemorsel-v2/backend/internal/api/recipe.go:97.31,100.3 1 6
github.com/pageza/alchemorsel-v2/backend/internal/api/recipe.go:101.2,108.28 3 6
github.com/pageza/alchemorsel-v2/backend/internal/api/recipe.go:108.28,110.3 1 6
github.com/pageza/alchemorsel-v2/backend/internal/api/recipe.go:110.8,120.17 3 0
github.com/pageza/alchemorsel-v2/backend/internal/api/recipe.go:120.17,124.4 3 0
github.com/pageza/alchemorsel-v2/backend/internal/api/recipe.go:127.2,146.16 3 6
github.com/pageza/alchemorsel-v2/backend/internal/api/recipe.go:146.16,150.3 3 0
github.com/pageza/alchemorsel-v2/backend/internal/api/recipe.go:151.2,152.60 2 6
github.com/pageza/alchemorsel-v2/backend/internal/api/recipe.go:156.51,163.12 5 2
github.com/pageza/alchemorsel-v2/backend/internal/api/recipe.go:163.12,164.46 1 2
github.com/pageza/alchemorsel-v2/backend/internal/api/recipe.go:164.46,166.4 1 2
github.com/pageza/alchemorsel-v2/backend/internal/api/recipe.go:169.2,171.14 3 2
github.com/pageza/alchemorsel-v2/backend/internal/api/recipe.go:171.14,174.3 2 0
github.com/pageza/alchemorsel-v2/backend/internal/api/recipe.go:176.2,177.16 2 2
github.com/pageza/alchemorsel-v2/backend/internal/api/recipe.go:177.16,181.3 3 0
github.com/pageza/alchemorsel-v2/backend/internal/api/recipe.go:183.2,184.16 2 2
github.com/pageza/alchemorsel-v2/backend/internal/api/recipe.go:184.16,186.36 2 1
github.com/pageza/alchemorsel-v2/backend/internal/api/recipe.go:186.36,189.4 2 1
github.com/pageza/alchemorsel-v2/backend/internal/api/recipe.go:190.3,191.9 2 0
github.com/pageza/alchemorsel-v2/backend/internal/api/recipe.go:195.2,200.48 2 1
github.com/pageza/alchemorsel-v2/backend/internal/api/recipe.go:204.54,206.14 2 1
github.com/pageza/alchemorsel-v2/backend/internal/api/recipe.go:206.14,209.3 2 0
github.com/pageza/alchemorsel-v2/backend/internal/api/recipe.go:211.2,212.16 2 1
github.com/pageza/alchemorsel-v2/backend/internal/api/recipe.go:212.16,215.3 2 0
github.com/pageza/alchemorsel-v2/backend/internal/api/recipe.go:217.2,233.47 2 1
github.com/pageza/alchemorsel-v2/backend/internal/api/recipe.go:233.47,236.3 2 0
github.com/pageza/alchemorsel-v2/backend/internal/api/recipe.go:238.2,255.16 3 1
github.com/pageza/alchemorsel-v2/backend/internal/api/recipe.go:255.16,258.3 2 0
github.com/pageza/alchemorsel-v2/backend/internal/api/recipe.go:260.2,260.38 1 1
github.com/pageza/alchemorsel-v2/backend/internal/api/recipe.go:264.54,266.14 2 1
github.com/pageza/alchemorsel-v2/backend/internal/api/recipe.go:266.14,269.3 2 0
github.com/pageza/alchemorsel-v2/backend/internal/api/recipe.go:271.2,272.16 2 1
github.com/pageza/alchemorsel-v2/backend/internal/api/recipe.go:272.16,275.3 2 0
github.com/pageza/alchemorsel-v2/backend/internal/api/recipe.go:277.2,278.16 2 1
github.com/pageza/alchemorsel-v2/backend/internal/api/recipe.go:278.16,279.36 1 0
github.com/pageza/alchemorsel-v2/backend/internal/api/recipe.go:279.36,282.4 2 0
github.com/pageza/alchemorsel-v2/backend/internal/api/recipe.go:283.3,285.9 3 0
github.com/pageza/alchemorsel-v2/backend/internal/api/recipe.go:288.2,288.32 1 1
github.com/pageza/alchemorsel-v2/backend/internal/api/recipe.go:292.53,300.12 6 1
github.com/pageza/alchemorsel-v2/backend/internal/api/recipe.go:300.12,301.45 1 1
github.com/pageza/alchemorsel-v2/backend/internal/api/recipe.go:301.45,303.4 1 1
github.com/pageza/alchemorsel-v2/backend/internal/api/recipe.go:306.2,306.20 1 1
github.com/pageza/alchemorsel-v2/backend/internal/api/recipe.go:306.20,309.3 1 0
github.com/pageza/alchemorsel-v2/backend/internal/api/recipe.go:309.8,312.3 1 1
github.com/pageza/alchemorsel-v2/backend/internal/api/recipe.go:313.2,313.16 1 1
github.com/pageza/alchemorsel-v2/backend/internal/api/recipe.go:313.16,316.3 2 0
github.com/pageza/alchemorsel-v2/backend/internal/api/recipe.go:317.2,317.50 1 1
github.com/pageza/alchemorsel-v2/backend/internal/api/recipe.go:321.56,324.2 1 0
github.com/pageza/alchemorsel-v2/backend/internal/api/recipe.go:327.58,330.2 1 0
github.com/pageza/alchemorsel-v2/backend/internal/api/test_utils.go:34.86,36.41 1 0
github.com/pageza/alchemorsel-v2/backend/internal/api/test_utils.go:36.41,38.3 1 0
github.com/pageza/alchemorsel-v2/backend/internal/api/test_utils.go:39.2,40.24 2 0
github.com/pageza/alchemorsel-v2/backend/internal/api/test_utils.go:40.24,42.3 1 0
github.com/pageza/alchemorsel-v2/backend/internal/api/test_utils.go:43.2,43.56 1 0
github.com/pageza/alchemorsel-v2/backend/internal/api/test_utils.go:47.59,49.2 1 0
github.com/pageza/alchemorsel-v2/backend/internal/api/test_utils.go:59.40,79.16 3 8
github.com/pageza/alchemorsel-v2/backend/internal/api/test_utils.go:79.16,81.3 1 0
github.com/pageza/alchemorsel-v2/backend/internal/api/test_utils.go:84.2,85.16 2 8
github.com/pageza/alchemorsel-v2/backend/internal/api/test_utils.go:85.16,87.3 1 0
github.com/pageza/alchemorsel-v2/backend/internal/api/test_utils.go:88.2,89.16 2 8
github.com/pageza/alchemorsel-v2/backend/internal/api/test_utils.go:89.16,91.3 1 0
github.com/pageza/alchemorsel-v2/backend/internal/api/test_utils.go:94.2,99.16 3 8
github.com/pageza/alchemorsel-v2/backend/internal/api/test_utils.go:99.16,101.3 1 0
github.com/pageza/alchemorsel-v2/backend/internal/api/test_utils.go:104.2,105.16 2 8
github.com/pageza/alchemorsel-v2/backend/internal/api/test_utils.go:105.16,107.3 1 0
github.com/pageza/alchemorsel-v2/backend/internal/api/test_utils.go:110.2,110.80 1 8
github.com/pageza/alchemorsel-v2/backend/internal/api/test_utils.go:110.80,112.3 1 0
github.com/pageza/alchemorsel-v2/backend/internal/api/test_utils.go:115.2,121.16 2 8
github.com/pageza/alchemorsel-v2/backend/internal/api/test_utils.go:121.16,123.3 1 0
github.com/pageza/alchemorsel-v2/backend/internal/api/test_utils.go:126.2,129.19 2 8
github.com/pageza/alchemorsel-v2/backend/internal/api/test_utils.go:129.19,131.39 1 8
github.com/pageza/alchemorsel-v2/backend/internal/api/test_utils.go:131.39,133.4 1 0
github.com/pageza/alchemorsel-v2/backend/internal/api/test_utils.go:135.3,135.50 1 8
github.com/pageza/alchemorsel-v2/backend/internal/api/test_utils.go:135.50,137.4 1 0
github.com/pageza/alchemorsel-v2/backend/internal/api/test_utils.go:140.2,144.3 1 8
github.com/pageza/alchemorsel-v2/backend/internal/api/test_utils.go:148.75,153.16 4 5
github.com/pageza/alchemorsel-v2/backend/internal/api/test_utils.go:153.16,155.3 1 0
github.com/pageza/alchemorsel-v2/backend/internal/api/test_utils.go:157.2,163.50 2 5
github.com/pageza/alchemorsel-v2/backend/internal/api/test_utils.go:163.50,165.3 1 0
github.com/pageza/alchemorsel-v2/backend/internal/api/test_utils.go:168.2,173.53 2 5
github.com/pageza/alchemorsel-v2/backend/internal/api/test_utils.go:173.53,175.3 1 0
github.com/pageza/alchemorsel-v2/backend/internal/api/test_utils.go:178.2,182.16 2 5
github.com/pageza/alchemorsel-v2/backend/internal/api/test_utils.go:182.16,184.3 1 0
github.com/pageza/alchemorsel-v2/backend/internal/api/test_utils.go:186.2,186.22 1 5
github.com/pageza/alchemorsel-v2/backend/internal/api/test_utils.go:190.48,216.19 14 1
github.com/pageza/alchemorsel-v2/backend/internal/api/test_utils.go:216.19,218.47 1 1
github.com/pageza/alchemorsel-v2/backend/internal/api/test_utils.go:218.47,220.4 1 1
github.com/pageza/alchemorsel-v2/backend/internal/api/test_utils.go:223.2,223.15 1 1
github.com/pageza/alchemorsel-v2/backend/internal/api/test_utils.go:227.107,231.17 3 0
github.com/pageza/alchemorsel-v2/backend/internal/api/test_utils.go:231.17,233.17 2 0
github.com/pageza/alchemorsel-v2/backend/internal/api/test_utils.go:233.17,234.14 1 0
github.com/pageza/alchemorsel-v2/backend/internal/api/test_utils.go:236.3,237.53 2 0
github.com/pageza/alchemorsel-v2/backend/internal/api/test_utils.go:238.8,240.3 1 0
github.com/pageza/alchemorsel-v2/backend/internal/api/test_utils.go:243.2,246.10 3 0
github.com/pageza/alchemorsel-v2/backend/internal/api/test_utils.go:254.83,257.2 2 0
github.com/pageza/alchemorsel-v2/backend/internal/api/test_utils.go:265.42,269.2 1 2
github.com/pageza/alchemorsel-v2/backend/internal/api/test_utils.go:271.142,273.2 1 1
github.com/pageza/alchemorsel-v2/backend/internal/api/test_utils.go:275.91,279.2 3 0
github.com/pageza/alchemorsel-v2/backend/internal/api/test_utils.go:281.97,282.43 1 1
github.com/pageza/alchemorsel-v2/backend/internal/api/test_utils.go:282.43,284.3 1 0
github.com/pageza/alchemorsel-v2/backend/internal/api/test_utils.go:285.2,297.8 1 1
github.com/pageza/alchemorsel-v2/backend/internal/api/test_utils.go:300.93,303.2 2 1
github.com/pageza/alchemorsel-v2/backend/internal/api/test_utils.go:305.76,308.2 2 0
github.com/pageza/alchemorsel-v2/backend/internal/api/test_utils.go:310.89,317.2 1 0
github.com/pageza/alchemorsel-v2/backend/internal/api/test_utils.go:319.83,321.2 1 0
github.com/pageza/alchemorsel-v2/backend/internal/api/test_utils.go:324.38,328.2 1 1
